TN:
SF:nrt_unittest_soft_asserts\soft_asserts.py
DA:1,1,zyZgoM+E8Ui7MCtwqiF+Nw
DA:2,1,E/tvV9JPVDhEcTCkgrwOFw
DA:3,1,7HpIEQVf5K0efdTzo05mJg
DA:4,1,TLkVxKCME/cf+YcBOi5H6A
DA:7,1,CT9XrugR0VmgtyLiirko8A
DA:8,1,UWMFjPhL9cjw2PNid09Teg
DA:9,1,CWMdBHMgbA8Pr3QXUMrFDQ
DA:10,1,hrAqVZ4+nJDfZWiyo7USPQ
DA:13,1,IptyWBbtrcm83ECzGlLoFQ
DA:14,1,j+DbxNARPHws1em0IG4rUQ
DA:15,1,7kbv2RZb0/wp97Rh1DB2sA
DA:16,1,ohNOmg4/0VY9SKPbU39Kdw
DA:17,1,OtyBIyh4/41vjrgiYPoizg
DA:18,1,woc+ZR+pfF5p+1nmpW4r/A
DA:19,1,QEpjbAa6uvMCoO7Mx1AXsA
DA:21,1,A89q8C1IE116c6iQoyK/cg
DA:23,1,uGUl/8ln5/u2N7ovgzVIXQ
DA:24,1,+tMrvIJikSP8cCRZKFh5Zg
DA:26,1,BCevAAe8qiFkT3IOEPoIbg
DA:27,1,xjcDBnSwra0OiNOAYAwoHA
DA:28,1,CS6bZiOeipq5DbEitGCcBg
DA:29,1,WySt61Uj9/cAK8v7YoLSDQ
DA:30,1,RxiJV0a5EmZw8abGNeCVEw
DA:32,1,88JyBk8s/672eKVvra4FVg
DA:33,1,xjcDBnSwra0OiNOAYAwoHA
DA:34,1,a78OBHi16+pe1pczHdfioA
DA:35,1,WySt61Uj9/cAK8v7YoLSDQ
DA:36,1,RxiJV0a5EmZw8abGNeCVEw
DA:38,1,VmZIG4tgjk9BE9vkAVpDMA
DA:39,1,xjcDBnSwra0OiNOAYAwoHA
DA:40,1,gxdBVxwFGqRrBkHMEqAXpg
DA:41,1,WySt61Uj9/cAK8v7YoLSDQ
DA:42,1,RxiJV0a5EmZw8abGNeCVEw
DA:44,1,8YQJ7UuCVwlO0Vh2XRUSIQ
DA:45,1,xjcDBnSwra0OiNOAYAwoHA
DA:46,1,x+NN8VpXpLSR+7ngGi/e6A
DA:47,1,WySt61Uj9/cAK8v7YoLSDQ
DA:48,1,RxiJV0a5EmZw8abGNeCVEw
DA:50,1,XaHtC/ZOmQ0ucGIXksFyJA
DA:51,1,xjcDBnSwra0OiNOAYAwoHA
DA:52,1,qpWYIFYpEn4U8tPC5U4nqA
DA:53,1,WySt61Uj9/cAK8v7YoLSDQ
DA:54,1,RxiJV0a5EmZw8abGNeCVEw
DA:56,1,XpjnSXoOEVRBMn7ASrwdKA
DA:57,1,xjcDBnSwra0OiNOAYAwoHA
DA:58,1,hnjn0Cn48ojPIdlTvopPiQ
DA:59,1,WySt61Uj9/cAK8v7YoLSDQ
DA:60,1,RxiJV0a5EmZw8abGNeCVEw
DA:62,1,TJ6d3yWOcP5NClvkD/HTEQ
DA:63,1,xjcDBnSwra0OiNOAYAwoHA
DA:64,1,j6O5W9VECRg+baO2RevxCA
DA:65,1,WySt61Uj9/cAK8v7YoLSDQ
DA:66,1,RxiJV0a5EmZw8abGNeCVEw
DA:68,1,GVjrHuW78AKIdlhUfekEIA
DA:69,1,xjcDBnSwra0OiNOAYAwoHA
DA:70,1,8/oIl6ST9ZX5Ea576afQkw
DA:71,1,WySt61Uj9/cAK8v7YoLSDQ
DA:72,1,RxiJV0a5EmZw8abGNeCVEw
DA:74,1,XiEhoJ9/bi8+x0882Y+Y3g
DA:75,1,xjcDBnSwra0OiNOAYAwoHA
DA:76,1,H2Ylxdj8+2EiLCaXnLeCvQ
DA:77,1,WySt61Uj9/cAK8v7YoLSDQ
DA:78,1,RxiJV0a5EmZw8abGNeCVEw
DA:80,1,KGRBwZaFXoRGoi+yPpYHhA
DA:81,1,xjcDBnSwra0OiNOAYAwoHA
DA:82,1,b/+xTHGx0Rs34eHWiB6uDw
DA:83,1,WySt61Uj9/cAK8v7YoLSDQ
DA:84,1,RxiJV0a5EmZw8abGNeCVEw
DA:86,1,/8vemsVbX7twhua0L3fIvg
DA:87,1,xjcDBnSwra0OiNOAYAwoHA
DA:88,1,+zgB13tQghLqROtbjRZ1cQ
DA:89,1,WySt61Uj9/cAK8v7YoLSDQ
DA:90,1,RxiJV0a5EmZw8abGNeCVEw
DA:92,1,aDjnnbijYhJpxk3xfb21uw
DA:93,1,xjcDBnSwra0OiNOAYAwoHA
DA:94,1,dMxxBewb/QXZDdZ1BiAhxg
DA:95,1,WySt61Uj9/cAK8v7YoLSDQ
DA:96,1,RxiJV0a5EmZw8abGNeCVEw
DA:98,1,Vnh9X2mWCVgRRqXDymmTDw
DA:99,1,xjcDBnSwra0OiNOAYAwoHA
DA:100,1,lJnOS73PR0j1Tu1k8+gN/A
DA:101,1,WySt61Uj9/cAK8v7YoLSDQ
DA:102,1,RxiJV0a5EmZw8abGNeCVEw
DA:104,1,ueZZIivOVGMq0A50r4P/Lg
DA:105,1,xjcDBnSwra0OiNOAYAwoHA
DA:106,1,fzgfIgcG6g+2bwqhpFlehA
DA:107,1,1bm+6DR9CmDHJRc1CVEkAA
DA:108,1,b5xk0tzVzbXxEIDlsElrjQ
DA:109,1,cCzhnT+1tmGi11b28Pmfwg
DA:110,1,FFqRFcnwn5yIyeIymeaJKA
DA:111,1,cHkzfZuxAWImImgqWlqrvA
DA:112,1,cMPveLtgZaoejQUMVV8pTA
DA:114,1,dmUPqEKACZsXwYWvMBNqlw
DA:115,1,5q+soJGeT4wj2rvA0ImJjw
DA:116,1,oGXcTu7RhYjXaCN+oyGeow
DA:117,1,WLm2H1W+3yCdma2u9U4Q8Q
DA:119,1,NgEyPOKakdhldTxcO/9WTw
DA:120,1,9tjsd4fQsN3iZRwF3XVokQ
DA:121,1,jVibu8inmyhUmI99MXh8cQ
DA:123,1,qCY/j2HCLFtYyfrTwAWWTA
DA:124,1,Lfip+xp+akrfc/rJIcMOhA
DA:126,1,KUmQB5oU4NORV0lSdMIZZQ
DA:127,1,dAfL0n8Wo5Ppew0jXSR2ew
DA:128,1,DSI4Ot1H4VotwCjdGHX7OA
DA:129,1,jbZ+giKem9kKaqQhKPHJEw
DA:130,1,MxcyyJW2FDs9bItTe2A0WQ
DA:131,1,niU61jbEbVCIu9EZqALWTw
DA:132,1,jbZ+giKem9kKaqQhKPHJEw
DA:134,1,n05AfdIFALNK7eRaTWeHow
DA:136,1,0d4Sudq2J47ghEvQaeqPWg
DA:138,1,9xwTdGF+TOca/pTfWTMLSQ
DA:147,1,ogP0iNXJ2rXGUSaYFfx0HQ
DA:149,1,rKc6OtluApu4vUPkue80OA
DA:150,1,51oFRiFZA8XRplZCPT+gSA
DA:151,1,AaN/frxug9H/QoyaHEsNew
DA:153,1,dxPoWTm3rhLR5NCc5pyZnA
DA:154,1,srkA72ZhJVYnlqDbkIOiUQ
DA:155,1,4m1mjW6wfiw96uO+OYPA0g
DA:160,1,L2C8CY6SY3mcwUdXtT728w
DA:163,1,GjfNc4UJIb1+ODEoT4Hajw
DA:164,1,jv3zm1wOeBalyM4h/jcIlw
DA:166,1,HmADa1g/W1C2Vo9Wm4sNNA
DA:167,1,YZHh1zdnsa3bb+dCKtCLig
DA:168,1,zNLdTC5ODoOzy5K3hQ1Ycg
DA:170,1,HmADa1g/W1C2Vo9Wm4sNNA
DA:171,1,IGhNwPBj/a1FDMfnrvNhxA
DA:172,1,qw0/tZlygKpCknRXc/t/cw
DA:173,1,GclJv+Dy2k3XKMfQSDxIFQ
DA:175,1,oDbV0tNMbNkcvGJRFDlofA
DA:176,1,qw0/tZlygKpCknRXc/t/cw
DA:177,1,gBmw1tnkIXVStGUxh4omdA
DA:180,1,A2yScCugB4OsYwU8cqAA2Q
DA:182,1,ZWCaAx48EDWtQa5y5GOklg
DA:183,1,euNjmfcAJnt/3VzkyXBypw
DA:185,1,HogCEBP2jxm+g1YQpFzPGg
DA:186,1,63xVuK9ae8N9wtKVJtxaPw
DA:187,1,E7iRpF5JZYXiMgk1JS13gg
DA:188,1,6otVCQSfy2BBQioxxMw3FA
DA:190,1,0MhTE/Zsp5+XnYxIh1GkCA
DA:191,1,fvjb/T/+fBGkwbPa//zPTg
DA:192,1,iecXh0RffNZfyyBKrCOmrA
DA:194,1,Nnqu9X+lU2lagW39QNhFWA
DA:195,1,qnqabRbIzUSh+W18eAcVTg
DA:196,1,FA4oAOCxgLJgmiQY2GRRLQ
DA:198,1,Nnqu9X+lU2lagW39QNhFWA
DA:199,1,7M15USpivHTDTyYU4XV4Wg
DA:200,1,qw0/tZlygKpCknRXc/t/cw
DA:201,1,lIWisRtLRWn+XST3qUluRg
DA:202,1,//iYskxArP1UuO6Hd8kvwA
DA:204,1,Nnqu9X+lU2lagW39QNhFWA
DA:205,1,qz1lGQxOUCuzyckgTcBR/Q
DA:206,1,qw0/tZlygKpCknRXc/t/cw
DA:207,1,22VliX/zrbPjl4dEeLZnAw
DA:208,1,INsRkNDaKEq7xp8xDEbGsQ
DA:210,1,Nnqu9X+lU2lagW39QNhFWA
DA:211,1,AnuWxAUDyCmMczt8tp7TBw
DA:212,1,VQkpfUE1mb4d/9eYbelCCQ
DA:214,1,Nnqu9X+lU2lagW39QNhFWA
DA:215,1,uk5+o+CCjDLLIkm9IQLPtQ
DA:216,1,b5qWhTlhR7O2Qk/L+RYosQ
DA:218,1,Nnqu9X+lU2lagW39QNhFWA
DA:219,1,GflCFTf20x0JWupDDMETJA
DA:220,1,UyT0i3fll3bf27RF9yZrWw
DA:222,1,Nnqu9X+lU2lagW39QNhFWA
DA:223,1,FfYeIxYuJuJRN5k6/K6Y7Q
DA:224,1,6AJDJEGIK8Mw42AVeEI5xA
LF:166
LH:166
BRDA:8,0,0,1
BRDA:9,0,1,1
BRDA:0,1,0,1
BRDA:111,1,1,1
BRDA:128,2,0,1
BRDA:130,2,1,1
BRDA:131,3,0,1
BRDA:134,3,1,1
BRDA:0,4,0,1
BRDA:150,4,1,1
BRDA:154,5,0,1
BRDA:160,5,1,1
BRDA:155,6,0,1
BRDA:160,6,1,1
BRDA:0,7,0,1
BRDA:154,7,1,1
BRDA:155,7,2,1
BRDA:0,8,0,1
BRDA:0,8,1,1
BRDA:160,8,2,1
BRDA:166,9,0,1
BRDA:170,9,1,1
BRDA:170,10,0,1
BRDA:175,10,1,1
BRDA:0,11,0,1
BRDA:173,11,1,1
BRDA:177,12,0,1
BRDA:180,12,1,1
BRDA:186,13,0,1
BRDA:187,13,1,1
BRDA:0,14,0,1
BRDA:188,14,1,1
BRDA:0,15,0,1
BRDA:192,15,1,1
BRDA:194,16,0,1
BRDA:198,16,1,1
BRDA:198,17,0,1
BRDA:204,17,1,1
BRDA:201,18,0,1
BRDA:202,18,1,1
BRDA:204,19,0,1
BRDA:210,19,1,1
BRDA:0,20,0,1
BRDA:207,20,1,1
BRDA:206,21,0,1
BRDA:208,21,1,1
BRDA:210,22,0,1
BRDA:214,22,1,1
BRDA:214,23,0,1
BRDA:218,23,1,1
BRDA:218,24,0,1
BRDA:222,24,1,1
BRDA:0,25,0,1
BRDA:222,25,1,1
BRF:52
BRH:52
end_of_record
