TN:
SF:nrt_unittest_soft_asserts\soft_asserts.py
DA:1,1,zyZgoM+E8Ui7MCtwqiF+Nw
DA:2,1,E/tvV9JPVDhEcTCkgrwOFw
DA:3,1,7HpIEQVf5K0efdTzo05mJg
DA:4,1,TLkVxKCME/cf+YcBOi5H6A
DA:7,1,CT9XrugR0VmgtyLiirko8A
DA:8,1,UWMFjPhL9cjw2PNid09Teg
DA:9,1,CWMdBHMgbA8Pr3QXUMrFDQ
DA:10,1,hrAqVZ4+nJDfZWiyo7USPQ
DA:13,1,IptyWBbtrcm83ECzGlLoFQ
DA:14,1,j+DbxNARPHws1em0IG4rUQ
DA:15,1,7kbv2RZb0/wp97Rh1DB2sA
DA:16,1,ohNOmg4/0VY9SKPbU39Kdw
DA:17,1,OtyBIyh4/41vjrgiYPoizg
DA:18,1,woc+ZR+pfF5p+1nmpW4r/A
DA:19,1,QEpjbAa6uvMCoO7Mx1AXsA
DA:21,1,A89q8C1IE116c6iQoyK/cg
DA:23,1,uGUl/8ln5/u2N7ovgzVIXQ
DA:24,1,+tMrvIJikSP8cCRZKFh5Zg
DA:26,1,cWhvfU4ZYDmHbziGdggjoQ
DA:27,1,xjcDBnSwra0OiNOAYAwoHA
DA:28,1,CS6bZiOeipq5DbEitGCcBg
DA:29,1,WySt61Uj9/cAK8v7YoLSDQ
DA:30,1,RxiJV0a5EmZw8abGNeCVEw
DA:31,1,kycMaH6XbPuAfUpgfG1Lbg
DA:33,1,eJ6zrxnLWn/k18a2vHOhRA
DA:35,1,glug1ucTJ/5hGvkcD30+QQ
DA:36,1,xjcDBnSwra0OiNOAYAwoHA
DA:37,1,a78OBHi16+pe1pczHdfioA
DA:38,1,WySt61Uj9/cAK8v7YoLSDQ
DA:39,1,RxiJV0a5EmZw8abGNeCVEw
DA:40,1,kycMaH6XbPuAfUpgfG1Lbg
DA:42,1,eJ6zrxnLWn/k18a2vHOhRA
DA:44,1,PAVW7ZCkCfMm644QTcpw6w
DA:45,1,xjcDBnSwra0OiNOAYAwoHA
DA:46,1,gxdBVxwFGqRrBkHMEqAXpg
DA:47,1,WySt61Uj9/cAK8v7YoLSDQ
DA:48,1,RxiJV0a5EmZw8abGNeCVEw
DA:49,1,kycMaH6XbPuAfUpgfG1Lbg
DA:51,1,eJ6zrxnLWn/k18a2vHOhRA
DA:53,1,A8qkhTYlaWXpoMdiMdicSQ
DA:54,1,xjcDBnSwra0OiNOAYAwoHA
DA:55,1,x+NN8VpXpLSR+7ngGi/e6A
DA:56,1,WySt61Uj9/cAK8v7YoLSDQ
DA:57,1,RxiJV0a5EmZw8abGNeCVEw
DA:58,1,kycMaH6XbPuAfUpgfG1Lbg
DA:60,1,eJ6zrxnLWn/k18a2vHOhRA
DA:62,1,Tdb8kOc3MOv5KSY+fhbNmw
DA:63,1,xjcDBnSwra0OiNOAYAwoHA
DA:64,1,qpWYIFYpEn4U8tPC5U4nqA
DA:65,1,WySt61Uj9/cAK8v7YoLSDQ
DA:66,1,RxiJV0a5EmZw8abGNeCVEw
DA:67,1,kycMaH6XbPuAfUpgfG1Lbg
DA:69,1,eJ6zrxnLWn/k18a2vHOhRA
DA:71,1,2t9HEwzloYeG3L7d534pHA
DA:72,1,xjcDBnSwra0OiNOAYAwoHA
DA:73,1,hnjn0Cn48ojPIdlTvopPiQ
DA:74,1,WySt61Uj9/cAK8v7YoLSDQ
DA:75,1,RxiJV0a5EmZw8abGNeCVEw
DA:76,1,kycMaH6XbPuAfUpgfG1Lbg
DA:78,1,eJ6zrxnLWn/k18a2vHOhRA
DA:80,1,Tl8UayrJW/N7szzcbMwOWw
DA:81,1,xjcDBnSwra0OiNOAYAwoHA
DA:82,1,j6O5W9VECRg+baO2RevxCA
DA:83,1,WySt61Uj9/cAK8v7YoLSDQ
DA:84,1,RxiJV0a5EmZw8abGNeCVEw
DA:85,1,kycMaH6XbPuAfUpgfG1Lbg
DA:87,1,eJ6zrxnLWn/k18a2vHOhRA
DA:89,1,FZyZRm7eFjGFR3kV0KijGA
DA:90,1,xjcDBnSwra0OiNOAYAwoHA
DA:91,1,8/oIl6ST9ZX5Ea576afQkw
DA:92,1,WySt61Uj9/cAK8v7YoLSDQ
DA:93,1,RxiJV0a5EmZw8abGNeCVEw
DA:94,1,kycMaH6XbPuAfUpgfG1Lbg
DA:96,1,eJ6zrxnLWn/k18a2vHOhRA
DA:98,1,3XypCsl1yj+ZEg00+6QwWw
DA:99,1,xjcDBnSwra0OiNOAYAwoHA
DA:100,1,H2Ylxdj8+2EiLCaXnLeCvQ
DA:101,1,WySt61Uj9/cAK8v7YoLSDQ
DA:102,1,RxiJV0a5EmZw8abGNeCVEw
DA:103,1,kycMaH6XbPuAfUpgfG1Lbg
DA:105,1,eJ6zrxnLWn/k18a2vHOhRA
DA:107,1,74vHWxHhr/OXb2ALRB1djA
DA:108,1,xjcDBnSwra0OiNOAYAwoHA
DA:109,1,b/+xTHGx0Rs34eHWiB6uDw
DA:110,1,WySt61Uj9/cAK8v7YoLSDQ
DA:111,1,RxiJV0a5EmZw8abGNeCVEw
DA:112,1,kycMaH6XbPuAfUpgfG1Lbg
DA:114,1,eJ6zrxnLWn/k18a2vHOhRA
DA:116,1,mOzy3wirtCkagPZy4WKacQ
DA:117,1,xjcDBnSwra0OiNOAYAwoHA
DA:118,1,+zgB13tQghLqROtbjRZ1cQ
DA:119,1,WySt61Uj9/cAK8v7YoLSDQ
DA:120,1,RxiJV0a5EmZw8abGNeCVEw
DA:121,1,kycMaH6XbPuAfUpgfG1Lbg
DA:123,1,eJ6zrxnLWn/k18a2vHOhRA
DA:125,1,z0psY6MFCa/gIeQdqW7RDQ
DA:126,1,xjcDBnSwra0OiNOAYAwoHA
DA:127,1,dMxxBewb/QXZDdZ1BiAhxg
DA:128,1,WySt61Uj9/cAK8v7YoLSDQ
DA:129,1,RxiJV0a5EmZw8abGNeCVEw
DA:130,1,kycMaH6XbPuAfUpgfG1Lbg
DA:132,1,eJ6zrxnLWn/k18a2vHOhRA
DA:134,1,bacS4GSOd05NLomIlO0y2w
DA:135,1,xjcDBnSwra0OiNOAYAwoHA
DA:136,1,lJnOS73PR0j1Tu1k8+gN/A
DA:137,1,WySt61Uj9/cAK8v7YoLSDQ
DA:138,1,RxiJV0a5EmZw8abGNeCVEw
DA:139,1,kycMaH6XbPuAfUpgfG1Lbg
DA:141,1,eJ6zrxnLWn/k18a2vHOhRA
DA:143,1,vovP5SEmLLOpCXWC2U8u/g
DA:144,1,xjcDBnSwra0OiNOAYAwoHA
DA:145,1,9F8NOJBfsP1NAe+olnL4Sg
DA:147,1,WySt61Uj9/cAK8v7YoLSDQ
DA:148,1,RxiJV0a5EmZw8abGNeCVEw
DA:149,1,kycMaH6XbPuAfUpgfG1Lbg
DA:151,1,eJ6zrxnLWn/k18a2vHOhRA
DA:153,1,3ImK0Eq3ix+yUIviWQHnuQ
DA:154,1,xjcDBnSwra0OiNOAYAwoHA
DA:155,1,fzgfIgcG6g+2bwqhpFlehA
DA:156,1,1bm+6DR9CmDHJRc1CVEkAA
DA:157,1,b5xk0tzVzbXxEIDlsElrjQ
DA:158,1,kycMaH6XbPuAfUpgfG1Lbg
DA:159,1,cCzhnT+1tmGi11b28Pmfwg
DA:160,1,FFqRFcnwn5yIyeIymeaJKA
DA:161,1,cHkzfZuxAWImImgqWlqrvA
DA:162,1,cMPveLtgZaoejQUMVV8pTA
DA:163,1,7N/JFuOs+JgNw/t49ouLjw
DA:165,1,eJ6zrxnLWn/k18a2vHOhRA
DA:167,1,dmUPqEKACZsXwYWvMBNqlw
DA:168,1,5q+soJGeT4wj2rvA0ImJjw
DA:169,1,oGXcTu7RhYjXaCN+oyGeow
DA:170,1,WLm2H1W+3yCdma2u9U4Q8Q
DA:172,1,NgEyPOKakdhldTxcO/9WTw
DA:173,1,9tjsd4fQsN3iZRwF3XVokQ
DA:174,1,jVibu8inmyhUmI99MXh8cQ
DA:176,1,qCY/j2HCLFtYyfrTwAWWTA
DA:177,1,Lfip+xp+akrfc/rJIcMOhA
DA:179,1,KUmQB5oU4NORV0lSdMIZZQ
DA:180,1,dAfL0n8Wo5Ppew0jXSR2ew
DA:181,1,DSI4Ot1H4VotwCjdGHX7OA
DA:182,1,jbZ+giKem9kKaqQhKPHJEw
DA:183,1,MxcyyJW2FDs9bItTe2A0WQ
DA:184,1,niU61jbEbVCIu9EZqALWTw
DA:185,1,jbZ+giKem9kKaqQhKPHJEw
DA:187,1,n05AfdIFALNK7eRaTWeHow
DA:189,1,0d4Sudq2J47ghEvQaeqPWg
DA:191,1,9xwTdGF+TOca/pTfWTMLSQ
DA:200,1,ogP0iNXJ2rXGUSaYFfx0HQ
DA:202,1,rKc6OtluApu4vUPkue80OA
DA:203,1,51oFRiFZA8XRplZCPT+gSA
DA:204,1,AaN/frxug9H/QoyaHEsNew
DA:206,1,dxPoWTm3rhLR5NCc5pyZnA
DA:207,1,srkA72ZhJVYnlqDbkIOiUQ
DA:208,1,4m1mjW6wfiw96uO+OYPA0g
DA:213,1,L2C8CY6SY3mcwUdXtT728w
DA:216,1,GjfNc4UJIb1+ODEoT4Hajw
DA:217,1,jv3zm1wOeBalyM4h/jcIlw
DA:219,1,HmADa1g/W1C2Vo9Wm4sNNA
DA:220,1,YZHh1zdnsa3bb+dCKtCLig
DA:221,1,zNLdTC5ODoOzy5K3hQ1Ycg
DA:223,1,HmADa1g/W1C2Vo9Wm4sNNA
DA:224,1,IGhNwPBj/a1FDMfnrvNhxA
DA:225,1,qw0/tZlygKpCknRXc/t/cw
DA:226,1,GclJv+Dy2k3XKMfQSDxIFQ
DA:228,1,oDbV0tNMbNkcvGJRFDlofA
DA:229,1,qw0/tZlygKpCknRXc/t/cw
DA:230,1,gBmw1tnkIXVStGUxh4omdA
DA:233,1,A2yScCugB4OsYwU8cqAA2Q
DA:235,1,ZWCaAx48EDWtQa5y5GOklg
DA:236,1,euNjmfcAJnt/3VzkyXBypw
DA:238,1,HogCEBP2jxm+g1YQpFzPGg
DA:239,1,63xVuK9ae8N9wtKVJtxaPw
DA:240,1,E7iRpF5JZYXiMgk1JS13gg
DA:241,1,6otVCQSfy2BBQioxxMw3FA
DA:243,1,0MhTE/Zsp5+XnYxIh1GkCA
DA:244,1,fvjb/T/+fBGkwbPa//zPTg
DA:245,1,iecXh0RffNZfyyBKrCOmrA
DA:247,1,Nnqu9X+lU2lagW39QNhFWA
DA:248,1,qnqabRbIzUSh+W18eAcVTg
DA:249,1,FA4oAOCxgLJgmiQY2GRRLQ
DA:251,1,Nnqu9X+lU2lagW39QNhFWA
DA:252,1,7M15USpivHTDTyYU4XV4Wg
DA:253,1,qw0/tZlygKpCknRXc/t/cw
DA:254,1,lIWisRtLRWn+XST3qUluRg
DA:255,1,//iYskxArP1UuO6Hd8kvwA
DA:257,1,Nnqu9X+lU2lagW39QNhFWA
DA:258,1,qz1lGQxOUCuzyckgTcBR/Q
DA:259,1,qw0/tZlygKpCknRXc/t/cw
DA:260,1,22VliX/zrbPjl4dEeLZnAw
DA:261,1,INsRkNDaKEq7xp8xDEbGsQ
DA:263,1,Nnqu9X+lU2lagW39QNhFWA
DA:264,1,AnuWxAUDyCmMczt8tp7TBw
DA:265,1,VQkpfUE1mb4d/9eYbelCCQ
DA:267,1,Nnqu9X+lU2lagW39QNhFWA
DA:268,1,uk5+o+CCjDLLIkm9IQLPtQ
DA:269,1,b5qWhTlhR7O2Qk/L+RYosQ
DA:271,1,Nnqu9X+lU2lagW39QNhFWA
DA:272,1,GflCFTf20x0JWupDDMETJA
DA:273,1,UyT0i3fll3bf27RF9yZrWw
DA:275,1,Nnqu9X+lU2lagW39QNhFWA
DA:276,1,FfYeIxYuJuJRN5k6/K6Y7Q
DA:277,1,6AJDJEGIK8Mw42AVeEI5xA
LF:202
LH:202
BRDA:8,0,0,1
BRDA:9,0,1,1
BRDA:161,1,0,1
BRDA:165,1,1,1
BRDA:181,2,0,1
BRDA:183,2,1,1
BRDA:184,3,0,1
BRDA:187,3,1,1
BRDA:0,4,0,1
BRDA:203,4,1,1
BRDA:207,5,0,1
BRDA:213,5,1,1
BRDA:208,6,0,1
BRDA:213,6,1,1
BRDA:0,7,0,1
BRDA:207,7,1,1
BRDA:208,7,2,1
BRDA:0,8,0,1
BRDA:0,8,1,1
BRDA:213,8,2,1
BRDA:219,9,0,1
BRDA:223,9,1,1
BRDA:223,10,0,1
BRDA:228,10,1,1
BRDA:0,11,0,1
BRDA:226,11,1,1
BRDA:230,12,0,1
BRDA:233,12,1,1
BRDA:239,13,0,1
BRDA:240,13,1,1
BRDA:0,14,0,1
BRDA:241,14,1,1
BRDA:0,15,0,1
BRDA:245,15,1,1
BRDA:247,16,0,1
BRDA:251,16,1,1
BRDA:251,17,0,1
BRDA:257,17,1,1
BRDA:254,18,0,1
BRDA:255,18,1,1
BRDA:257,19,0,1
BRDA:263,19,1,1
BRDA:0,20,0,1
BRDA:260,20,1,1
BRDA:259,21,0,1
BRDA:261,21,1,1
BRDA:263,22,0,1
BRDA:267,22,1,1
BRDA:267,23,0,1
BRDA:271,23,1,1
BRDA:271,24,0,1
BRDA:275,24,1,1
BRDA:0,25,0,1
BRDA:275,25,1,1
BRF:52
BRH:52
end_of_record
